<?xml version="1.0" encoding="UTF-8"?>
<testng-results ignored="0" total="1" passed="1" failed="0" skipped="0">
  <reporter-output>
  </reporter-output>
  <suite started-at="2025-11-05T09:34:54 IST" name="Default suite" finished-at="2025-11-05T09:35:04 IST" duration-ms="9632">
    <groups>
    </groups>
    <test started-at="2025-11-05T09:34:54 IST" name="Default test" finished-at="2025-11-05T09:35:04 IST" duration-ms="9632">
      <class name="com.ninzahrm.projects.NinzaHrmMockScript">
        <test-method signature="script()[pri:0, instance:com.ninzahrm.projects.NinzaHrmMockScript@28701274]" started-at="2025-11-05T09:34:54 IST" name="script" finished-at="2025-11-05T09:35:04 IST" duration-ms="9595" status="PASS">
          <reporter-output>
          </reporter-output>
        </test-method> <!-- script -->
      </class> <!-- com.ninzahrm.projects.NinzaHrmMockScript -->
    </test> <!-- Default test -->
  </suite> <!-- Default suite -->
</testng-results>
